This is pdfTeX, Version 3.141592653-2.6-1.40.27 (TeX Live 2025) (preloaded format=pdflatex 2025.4.25)  28 AUG 2025 16:25
entering extended mode
 restricted \write18 enabled.
 file:line:error style messages enabled.
 %&-line parsing enabled.
**PlasmB.tex
(./PlasmB.tex
LaTeX2e <2024-11-01> patch level 2
L3 programming layer <2025-01-18>
(/usr/local/texlive/2025basic/texmf-dist/tex/latex/base/report.cls
Document Class: report 2024/06/29 v1.4n Standard LaTeX document class
(/usr/local/texlive/2025basic/texmf-dist/tex/latex/base/size12.clo
File: size12.clo 2024/06/29 v1.4n Standard LaTeX file (size option)
)
\c@part=\count196
\c@chapter=\count197
\c@section=\count198
\c@subsection=\count199
\c@subsubsection=\count266
\c@paragraph=\count267
\c@subparagraph=\count268
\c@figure=\count269
\c@table=\count270
\abovecaptionskip=\skip49
\belowcaptionskip=\skip50
\bibindent=\dimen141
)
(/usr/local/texlive/2025basic/texmf-dist/tex/latex/graphics/graphics.sty
Package: graphics 2024/08/06 v1.4g Standard LaTeX Graphics (DPC,SPQR)

(/usr/local/texlive/2025basic/texmf-dist/tex/latex/graphics/trig.sty
Package: trig 2023/12/02 v1.11 sin cos tan (DPC)
)
(/usr/local/texlive/2025basic/texmf-dist/tex/latex/graphics-cfg/graphics.cfg
File: graphics.cfg 2016/06/04 v1.11 sample graphics configuration
)
Package graphics Info: Driver file: pdftex.def on input line 106.

(/usr/local/texlive/2025basic/texmf-dist/tex/latex/graphics-def/pdftex.def
File: pdftex.def 2024/04/13 v1.2c Graphics/color driver for pdftex
))
(/usr/local/texlive/2025basic/texmf-dist/tex/latex/psnfss/times.sty
Package: times 2020/03/25 PSNFSS-v9.3 (SPQR) 
)
(/usr/local/texlive/2025basic/texmf-dist/tex/latex/amsmath/amsmath.sty
Package: amsmath 2024/11/05 v2.17t AMS math features
\@mathmargin=\skip51

For additional information on amsmath, use the `?' option.
(/usr/local/texlive/2025basic/texmf-dist/tex/latex/amsmath/amstext.sty
Package: amstext 2021/08/26 v2.01 AMS text

(/usr/local/texlive/2025basic/texmf-dist/tex/latex/amsmath/amsgen.sty
File: amsgen.sty 1999/11/30 v2.0 generic functions
\@emptytoks=\toks17
\ex@=\dimen142
))
(/usr/local/texlive/2025basic/texmf-dist/tex/latex/amsmath/amsbsy.sty
Package: amsbsy 1999/11/29 v1.2d Bold Symbols
\pmbraise@=\dimen143
)
(/usr/local/texlive/2025basic/texmf-dist/tex/latex/amsmath/amsopn.sty
Package: amsopn 2022/04/08 v2.04 operator names
)
\inf@bad=\count271
LaTeX Info: Redefining \frac on input line 233.
\uproot@=\count272
\leftroot@=\count273
LaTeX Info: Redefining \overline on input line 398.
LaTeX Info: Redefining \colon on input line 409.
\classnum@=\count274
\DOTSCASE@=\count275
LaTeX Info: Redefining \ldots on input line 495.
LaTeX Info: Redefining \dots on input line 498.
LaTeX Info: Redefining \cdots on input line 619.
\Mathstrutbox@=\box52
\strutbox@=\box53
LaTeX Info: Redefining \big on input line 721.
LaTeX Info: Redefining \Big on input line 722.
LaTeX Info: Redefining \bigg on input line 723.
LaTeX Info: Redefining \Bigg on input line 724.
\big@size=\dimen144
LaTeX Font Info:    Redeclaring font encoding OML on input line 742.
LaTeX Font Info:    Redeclaring font encoding OMS on input line 743.
\macc@depth=\count276
LaTeX Info: Redefining \bmod on input line 904.
LaTeX Info: Redefining \pmod on input line 909.
LaTeX Info: Redefining \smash on input line 939.
LaTeX Info: Redefining \relbar on input line 969.
LaTeX Info: Redefining \Relbar on input line 970.
\c@MaxMatrixCols=\count277
\dotsspace@=\muskip17
\c@parentequation=\count278
\dspbrk@lvl=\count279
\tag@help=\toks18
\row@=\count280
\column@=\count281
\maxfields@=\count282
\andhelp@=\toks19
\eqnshift@=\dimen145
\alignsep@=\dimen146
\tagshift@=\dimen147
\tagwidth@=\dimen148
\totwidth@=\dimen149
\lineht@=\dimen150
\@envbody=\toks20
\multlinegap=\skip52
\multlinetaggap=\skip53
\mathdisplay@stack=\toks21
LaTeX Info: Redefining \[ on input line 2953.
LaTeX Info: Redefining \] on input line 2954.
)
(/usr/local/texlive/2025basic/texmf-dist/tex/latex/amsfonts/amsfonts.sty
Package: amsfonts 2013/01/14 v3.01 Basic AMSFonts support
\symAMSa=\mathgroup4
\symAMSb=\mathgroup5
LaTeX Font Info:    Redeclaring math symbol \hbar on input line 98.
LaTeX Font Info:    Overwriting math alphabet `\mathfrak' in version `bold'
(Font)                  U/euf/m/n --> U/euf/b/n on input line 106.
)
(/usr/local/texlive/2025basic/texmf-dist/tex/latex/amsfonts/amssymb.sty
Package: amssymb 2013/01/14 v3.01 AMS font symbols
)
(/usr/local/texlive/2025basic/texmf-dist/tex/latex/base/latexsym.sty
Package: latexsym 1998/08/17 v2.2e Standard LaTeX package (lasy symbols)
\symlasy=\mathgroup6
LaTeX Font Info:    Overwriting symbol font `lasy' in version `bold'
(Font)                  U/lasy/m/n --> U/lasy/b/n on input line 52.
)
(/usr/local/texlive/2025basic/texmf-dist/tex/latex/l3backend/l3backend-pdftex.d
ef
File: l3backend-pdftex.def 2024-05-08 L3 backend support: PDF output (pdfTeX)
\l__color_backend_stack_int=\count283
\l__pdf_internal_box=\box54
) (./PlasmB.aux)
\openout1 = `PlasmB.aux'.

LaTeX Font Info:    Checking defaults for OML/cmm/m/it on input line 57.
LaTeX Font Info:    ... okay on input line 57.
LaTeX Font Info:    Checking defaults for OMS/cmsy/m/n on input line 57.
LaTeX Font Info:    ... okay on input line 57.
LaTeX Font Info:    Checking defaults for OT1/cmr/m/n on input line 57.
LaTeX Font Info:    ... okay on input line 57.
LaTeX Font Info:    Checking defaults for T1/cmr/m/n on input line 57.
LaTeX Font Info:    ... okay on input line 57.
LaTeX Font Info:    Checking defaults for TS1/cmr/m/n on input line 57.
LaTeX Font Info:    ... okay on input line 57.
LaTeX Font Info:    Checking defaults for OMX/cmex/m/n on input line 57.
LaTeX Font Info:    ... okay on input line 57.
LaTeX Font Info:    Checking defaults for U/cmr/m/n on input line 57.
LaTeX Font Info:    ... okay on input line 57.

(/usr/local/texlive/2025basic/texmf-dist/tex/context/base/mkii/supp-pdf.mkii
[Loading MPS to PDF converter (version 2006.09.02).]
\scratchcounter=\count284
\scratchdimen=\dimen151
\scratchbox=\box55
\nofMPsegments=\count285
\nofMParguments=\count286
\everyMPshowfont=\toks22
\MPscratchCnt=\count287
\MPscratchDim=\dimen152
\MPnumerator=\count288
\makeMPintoPDFobject=\count289
\everyMPtoPDFconversion=\toks23
)
(/usr/local/texlive/2025basic/texmf-dist/tex/latex/epstopdf-pkg/epstopdf-base.s
ty
Package: epstopdf-base 2020-01-24 v2.11 Base part for package epstopdf
Package epstopdf-base Info: Redefining graphics rule for `.eps' on input line 4
85.

(/usr/local/texlive/2025basic/texmf-dist/tex/latex/latexconfig/epstopdf-sys.cfg
File: epstopdf-sys.cfg 2010/07/13 v1.3 Configuration of (r)epstopdf for TeX Liv
e
))

LaTeX Font Warning: Font shape `OT1/times/b/n' undefined
(Font)              using `OT1/times/bx/n' instead on input line 74.

LaTeX Font Info:    Trying to load font information for U+msa on input line 74.

(/usr/local/texlive/2025basic/texmf-dist/tex/latex/amsfonts/umsa.fd
File: umsa.fd 2013/01/14 v3.01 AMS symbols A
)
LaTeX Font Info:    Trying to load font information for U+msb on input line 74.


(/usr/local/texlive/2025basic/texmf-dist/tex/latex/amsfonts/umsb.fd
File: umsb.fd 2013/01/14 v3.01 AMS symbols B
)
LaTeX Font Info:    Trying to load font information for U+lasy on input line 74
.

(/usr/local/texlive/2025basic/texmf-dist/tex/latex/base/ulasy.fd
File: ulasy.fd 1998/08/17 v2.2e LaTeX symbol font definitions
)

LaTeX Font Warning: Font shape `OT1/times/b/n' undefined
(Font)              using `OT1/times/bx/n' instead on input line 74.



[1

{/usr/local/texlive/2025basic/texmf-var/fonts/map/pdftex/updmap/pdftex.map}{/us
r/local/texlive/2025basic/texmf-dist/fonts/enc/dvips/base/8r.enc}]
Underfull \hbox (badness 10000) in paragraph at lines 94--95

 []



[1]

LaTeX Font Warning: Font shape `OT1/times/b/n' undefined
(Font)              using `OT1/times/bx/n' instead on input line 107.



[1]

LaTeX Font Warning: Font shape `OT1/times/b/n' undefined
(Font)              using `OT1/times/bx/n' instead on input line 121.

(./PlasmB.toc

LaTeX Font Warning: Font shape `OT1/times/b/n' undefined
(Font)              using `OT1/times/bx/n' instead on input line 1.


LaTeX Font Warning: Font shape `OT1/times/b/n' undefined
(Font)              using `OT1/times/bx/n' instead on input line 2.


LaTeX Font Warning: Font shape `OT1/times/b/n' undefined
(Font)              using `OT1/times/bx/n' instead on input line 3.


LaTeX Font Warning: Font shape `OT1/times/b/n' undefined
(Font)              using `OT1/times/bx/n' instead on input line 9.



[1

]

LaTeX Font Warning: Font shape `OT1/times/b/n' undefined
(Font)              using `OT1/times/bx/n' instead on input line 26.


LaTeX Font Warning: Font shape `OT1/times/b/n' undefined
(Font)              using `OT1/times/bx/n' instead on input line 39.



[2]

LaTeX Font Warning: Font shape `OT1/times/b/n' undefined
(Font)              using `OT1/times/bx/n' instead on input line 54.


LaTeX Font Warning: Font shape `OT1/times/b/n' undefined
(Font)              using `OT1/times/bx/n' instead on input line 63.


LaTeX Font Warning: Font shape `OT1/times/b/n' undefined
(Font)              using `OT1/times/bx/n' instead on input line 66.



[3]

LaTeX Font Warning: Font shape `OT1/times/b/n' undefined
(Font)              using `OT1/times/bx/n' instead on input line 80.



[4]

LaTeX Font Warning: Font shape `OT1/times/b/n' undefined
(Font)              using `OT1/times/bx/n' instead on input line 101.


LaTeX Font Warning: Font shape `OT1/times/b/n' undefined
(Font)              using `OT1/times/bx/n' instead on input line 102.


LaTeX Font Warning: Font shape `OT1/times/b/n' undefined
(Font)              using `OT1/times/bx/n' instead on input line 103.

)
\tf@toc=\write3
\openout3 = `PlasmB.toc'.



[5]

LaTeX Font Warning: Font shape `OT1/times/b/n' undefined
(Font)              using `OT1/times/bx/n' instead on input line 130.

(./PlasmB.lof)
\tf@lof=\write4
\openout4 = `PlasmB.lof'.



[6

]

LaTeX Font Warning: Font shape `OT1/times/b/n' undefined
(Font)              using `OT1/times/bx/n' instead on input line 134.

(./PlasmB.lot)
\tf@lot=\write5
\openout5 = `PlasmB.lot'.



[7

]
Chapter 1.

LaTeX Font Warning: Font shape `OT1/times/b/n' undefined
(Font)              using `OT1/times/bx/n' instead on input line 138.



[8

]

[9]
Chapter 2.

LaTeX Font Warning: Font shape `OT1/times/b/n' undefined
(Font)              using `OT1/times/bx/n' instead on input line 166.



[10

]

[11]

[12]

[13]

[14]
Chapter 3.

LaTeX Font Warning: Font shape `OT1/times/b/n' undefined
(Font)              using `OT1/times/bx/n' instead on input line 339.


LaTeX Font Warning: Font shape `OT1/times/b/n' undefined
(Font)              using `OT1/times/bx/n' instead on input line 342.



[15

]

LaTeX Font Warning: Font shape `OT1/times/b/n' undefined
(Font)              using `OT1/times/bx/n' instead on input line 410.



[16]

[17]

[18]

[19]

LaTeX Font Warning: Font shape `OT1/times/b/n' undefined
(Font)              using `OT1/times/bx/n' instead on input line 521.



[20]

[21]

LaTeX Font Warning: Font shape `OT1/times/b/n' undefined
(Font)              using `OT1/times/bx/n' instead on input line 606.



[22]

[23]

[24]

LaTeX Font Warning: Font shape `OT1/times/b/n' undefined
(Font)              using `OT1/times/bx/n' instead on input line 716.


LaTeX Font Warning: Font shape `OT1/times/b/n' undefined
(Font)              using `OT1/times/bx/n' instead on input line 721.



[25]

[26]
Chapter 4.

LaTeX Font Warning: Font shape `OT1/times/b/n' undefined
(Font)              using `OT1/times/bx/n' instead on input line 747.


LaTeX Font Warning: Font shape `OT1/times/b/n' undefined
(Font)              using `OT1/times/bx/n' instead on input line 750.



[27

]
LaTeX Font Info:    Trying to load font information for TS1+times on input line
 788.
LaTeX Font Info:    No file TS1times.fd. on input line 788.


LaTeX Font Warning: Font shape `TS1/times/m/n' undefined
(Font)              using `TS1/cmr/m/n' instead
(Font)              for symbol `textbullet' on input line 788.



[28]

LaTeX Font Warning: Font shape `OT1/times/b/n' undefined
(Font)              using `OT1/times/bx/n' instead on input line 840.



[29]

[30]

[31]

[32]

LaTeX Font Warning: Font shape `OT1/times/b/n' undefined
(Font)              using `OT1/times/bx/n' instead on input line 980.



[33]

[34]
Package epstopdf Info: Source file: <Pinch.eps>
(epstopdf)                    date: 2004-09-30 04:27:20
(epstopdf)                    size: 18986 bytes
(epstopdf)             Output file: <Pinch-eps-converted-to.pdf>
(epstopdf)                    date: 2025-08-03 18:11:30
(epstopdf)                    size: 16898 bytes
(epstopdf)             Command: <repstopdf --outfile=Pinch-eps-converted-to.pdf
 Pinch.eps>
(epstopdf)             \includegraphics on input line 1037.
Package epstopdf Info: Output file is already uptodate.
<Pinch-eps-converted-to.pdf, id=136, 557.08125pt x 360.34625pt>
File: Pinch-eps-converted-to.pdf Graphic file (type pdf)
<use Pinch-eps-converted-to.pdf>
Package pdftex.def Info: Pinch-eps-converted-to.pdf  used on input line 1037.
(pdftex.def)             Requested size: 557.0799pt x 360.34537pt.


[35]

[36 <./Pinch-eps-converted-to.pdf>]

[37]

[38]

[39]

LaTeX Font Warning: Font shape `OT1/times/b/n' undefined
(Font)              using `OT1/times/bx/n' instead on input line 1151.


Overfull \hbox (7.1851pt too wide) in paragraph at lines 1150--1162
 [] 
 []



[40]

LaTeX Font Warning: Font shape `OT1/times/b/n' undefined
(Font)              using `OT1/times/bx/n' instead on input line 1185.



[41]

[42]

[43]

[44]

[45]

LaTeX Font Warning: Font shape `OT1/times/b/n' undefined
(Font)              using `OT1/times/bx/n' instead on input line 1312.



[46]

LaTeX Font Warning: Font shape `OT1/times/b/n' undefined
(Font)              using `OT1/times/bx/n' instead on input line 1333.



[47]

[48]

LaTeX Font Warning: Font shape `OT1/times/b/n' undefined
(Font)              using `OT1/times/bx/n' instead on input line 1365.



[49]

[50]

LaTeX Font Warning: Font shape `OT1/times/b/n' undefined
(Font)              using `OT1/times/bx/n' instead on input line 1393.



[51]

[52]

[53]

LaTeX Font Warning: Font shape `OT1/times/b/n' undefined
(Font)              using `OT1/times/bx/n' instead on input line 1445.



[54]

[55]

LaTeX Font Warning: Font shape `OT1/times/b/n' undefined
(Font)              using `OT1/times/bx/n' instead on input line 1475.



[56]

[57]
Package epstopdf Info: Source file: <Expansion.eps>
(epstopdf)                    date: 2004-09-30 04:27:20
(epstopdf)                    size: 41545 bytes
(epstopdf)             Output file: <Expansion-eps-converted-to.pdf>
(epstopdf)                    date: 2025-08-03 18:11:31
(epstopdf)                    size: 34653 bytes
(epstopdf)             Command: <repstopdf --outfile=Expansion-eps-converted-to
.pdf Expansion.eps>
(epstopdf)             \includegraphics on input line 1527.
Package epstopdf Info: Output file is already uptodate.
<Expansion-eps-converted-to.pdf, id=213, 557.08125pt x 619.31375pt>
File: Expansion-eps-converted-to.pdf Graphic file (type pdf)
<use Expansion-eps-converted-to.pdf>
Package pdftex.def Info: Expansion-eps-converted-to.pdf  used on input line 152
7.
(pdftex.def)             Requested size: 557.0799pt x 619.31224pt.
Package epstopdf Info: Source file: <Range.eps>
(epstopdf)                    date: 2004-09-30 04:27:20
(epstopdf)                    size: 46064 bytes
(epstopdf)             Output file: <Range-eps-converted-to.pdf>
(epstopdf)                    date: 2025-08-03 18:11:31
(epstopdf)                    size: 38208 bytes
(epstopdf)             Command: <repstopdf --outfile=Range-eps-converted-to.pdf
 Range.eps>
(epstopdf)             \includegraphics on input line 1537.
Package epstopdf Info: Output file is already uptodate.
<Range-eps-converted-to.pdf, id=214, 557.08125pt x 527.9725pt>
File: Range-eps-converted-to.pdf Graphic file (type pdf)
<use Range-eps-converted-to.pdf>
Package pdftex.def Info: Range-eps-converted-to.pdf  used on input line 1537.
(pdftex.def)             Requested size: 557.0799pt x 527.9712pt.


[58]

[59 <./Expansion-eps-converted-to.pdf>]

[60 <./Range-eps-converted-to.pdf>]

[61]

[62]

[63]

LaTeX Font Warning: Font shape `OT1/times/b/n' undefined
(Font)              using `OT1/times/bx/n' instead on input line 1656.



[64]

LaTeX Font Warning: Font shape `OT1/times/b/n' undefined
(Font)              using `OT1/times/bx/n' instead on input line 1719.



[65]

LaTeX Font Warning: Font shape `OT1/times/b/n' undefined
(Font)              using `OT1/times/bx/n' instead on input line 1753.



[66]

LaTeX Font Warning: Font shape `OT1/times/b/n' undefined
(Font)              using `OT1/times/bx/n' instead on input line 1764.



[67]

[68]

LaTeX Font Warning: Font shape `OT1/times/b/n' undefined
(Font)              using `OT1/times/bx/n' instead on input line 1797.



[69]

[70]

LaTeX Font Warning: Font shape `OT1/times/b/n' undefined
(Font)              using `OT1/times/bx/n' instead on input line 1812.



[71]

[72]

[73]

[74]

LaTeX Font Warning: Font shape `OT1/times/b/n' undefined
(Font)              using `OT1/times/bx/n' instead on input line 1877.



[75]

LaTeX Font Warning: Font shape `OT1/times/b/n' undefined
(Font)              using `OT1/times/bx/n' instead on input line 1887.



[76]

[77]
Chapter 5.

LaTeX Font Warning: Font shape `OT1/times/b/n' undefined
(Font)              using `OT1/times/bx/n' instead on input line 1903.


LaTeX Font Warning: Font shape `OT1/times/b/n' undefined
(Font)              using `OT1/times/bx/n' instead on input line 1906.

Package epstopdf Info: Source file: <Propagation.eps>
(epstopdf)                    date: 2004-09-30 04:27:21
(epstopdf)                    size: 31928 bytes
(epstopdf)             Output file: <Propagation-eps-converted-to.pdf>
(epstopdf)                    date: 2025-08-03 18:11:31
(epstopdf)                    size: 27078 bytes
(epstopdf)             Command: <repstopdf --outfile=Propagation-eps-converted-
to.pdf Propagation.eps>
(epstopdf)             \includegraphics on input line 1918.
Package epstopdf Info: Output file is already uptodate.
<Propagation-eps-converted-to.pdf, id=283, 557.08125pt x 358.33875pt>
File: Propagation-eps-converted-to.pdf Graphic file (type pdf)
<use Propagation-eps-converted-to.pdf>
Package pdftex.def Info: Propagation-eps-converted-to.pdf  used on input line 1
918.
(pdftex.def)             Requested size: 557.0799pt x 358.33788pt.


[78

]

[79 <./Propagation-eps-converted-to.pdf>]

LaTeX Font Warning: Font shape `OT1/times/b/n' undefined
(Font)              using `OT1/times/bx/n' instead on input line 1931.



[80]
Package epstopdf Info: Source file: <Coordinate.eps>
(epstopdf)                    date: 2004-09-30 04:27:20
(epstopdf)                    size: 18660 bytes
(epstopdf)             Output file: <Coordinate-eps-converted-to.pdf>
(epstopdf)                    date: 2025-08-03 18:11:32
(epstopdf)                    size: 16631 bytes
(epstopdf)             Command: <repstopdf --outfile=Coordinate-eps-converted-t
o.pdf Coordinate.eps>
(epstopdf)             \includegraphics on input line 1986.
Package epstopdf Info: Output file is already uptodate.
<Coordinate-eps-converted-to.pdf, id=295, 557.08125pt x 182.6825pt>
File: Coordinate-eps-converted-to.pdf Graphic file (type pdf)
<use Coordinate-eps-converted-to.pdf>
Package pdftex.def Info: Coordinate-eps-converted-to.pdf  used on input line 19
86.
(pdftex.def)             Requested size: 557.0799pt x 182.68204pt.


LaTeX Font Warning: Font shape `OT1/times/b/n' undefined
(Font)              using `OT1/times/bx/n' instead on input line 2000.



[81 <./Coordinate-eps-converted-to.pdf>]

[82]

[83]

[84]

LaTeX Font Warning: Font shape `OT1/times/b/n' undefined
(Font)              using `OT1/times/bx/n' instead on input line 2117.



[85]

[86]

LaTeX Font Warning: Font shape `OT1/times/b/n' undefined
(Font)              using `OT1/times/bx/n' instead on input line 2179.



[87]

LaTeX Font Warning: Font shape `OT1/times/b/n' undefined
(Font)              using `OT1/times/bx/n' instead on input line 2190.


LaTeX Font Warning: Font shape `OT1/times/b/n' undefined
(Font)              using `OT1/times/bx/n' instead on input line 2210.



[88]

[89]

LaTeX Font Warning: Font shape `OT1/times/b/n' undefined
(Font)              using `OT1/times/bx/n' instead on input line 2240.


LaTeX Font Warning: Font shape `OT1/times/b/n' undefined
(Font)              using `OT1/times/bx/n' instead on input line 2241.



[90]

LaTeX Font Warning: Font shape `OT1/times/b/n' undefined
(Font)              using `OT1/times/bx/n' instead on input line 2307.


LaTeX Font Warning: Font shape `OT1/times/b/n' undefined
(Font)              using `OT1/times/bx/n' instead on input line 2308.


Overfull \hbox (6.13031pt too wide) in paragraph at lines 2305--2343
 [] 
 []



[91]

[92]

LaTeX Font Warning: Font shape `OT1/times/b/n' undefined
(Font)              using `OT1/times/bx/n' instead on input line 2377.



[93]

[94]

[95]

[96]

LaTeX Font Warning: Font shape `OT1/times/b/n' undefined
(Font)              using `OT1/times/bx/n' instead on input line 2493.



[97]

[98]

LaTeX Font Warning: Font shape `OT1/times/b/n' undefined
(Font)              using `OT1/times/bx/n' instead on input line 2588.



[99]
Package epstopdf Info: Source file: <Head.eps>
(epstopdf)                    date: 2004-09-30 04:27:21
(epstopdf)                    size: 30436 bytes
(epstopdf)             Output file: <Head-eps-converted-to.pdf>
(epstopdf)                    date: 2025-08-03 18:11:32
(epstopdf)                    size: 25902 bytes
(epstopdf)             Command: <repstopdf --outfile=Head-eps-converted-to.pdf 
Head.eps>
(epstopdf)             \includegraphics on input line 2600.
Package epstopdf Info: Output file is already uptodate.
<Head-eps-converted-to.pdf, id=360, 557.08125pt x 272.01625pt>
File: Head-eps-converted-to.pdf Graphic file (type pdf)
<use Head-eps-converted-to.pdf>
Package pdftex.def Info: Head-eps-converted-to.pdf  used on input line 2600.
(pdftex.def)             Requested size: 557.0799pt x 272.01558pt.


[100]

[101 <./Head-eps-converted-to.pdf>]

[102]

[103]

LaTeX Font Warning: Font shape `OT1/times/b/n' undefined
(Font)              using `OT1/times/bx/n' instead on input line 2668.



[104]

[105]

LaTeX Font Warning: Font shape `OT1/times/b/n' undefined
(Font)              using `OT1/times/bx/n' instead on input line 2704.



[106]

[107]
Chapter 6.

LaTeX Font Warning: Font shape `OT1/times/b/n' undefined
(Font)              using `OT1/times/bx/n' instead on input line 2712.


LaTeX Font Warning: Font shape `OT1/times/b/n' undefined
(Font)              using `OT1/times/bx/n' instead on input line 2716.



[108

]

[109]

LaTeX Font Warning: Font shape `OT1/times/b/n' undefined
(Font)              using `OT1/times/bx/n' instead on input line 2798.


LaTeX Font Warning: Font shape `OT1/times/b/n' undefined
(Font)              using `OT1/times/bx/n' instead on input line 2803.



[110]

LaTeX Font Warning: Font shape `OT1/times/b/n' undefined
(Font)              using `OT1/times/bx/n' instead on input line 2807.



[111]

[112]

LaTeX Font Warning: Font shape `OT1/times/b/n' undefined
(Font)              using `OT1/times/bx/n' instead on input line 2875.



[113]

LaTeX Font Warning: Font shape `OT1/times/b/n' undefined
(Font)              using `OT1/times/bx/n' instead on input line 2885.



[114]

[115]

LaTeX Font Warning: Font shape `OT1/times/b/n' undefined
(Font)              using `OT1/times/bx/n' instead on input line 2983.



[116]

[117]

[118]

LaTeX Font Warning: Font shape `OT1/times/b/n' undefined
(Font)              using `OT1/times/bx/n' instead on input line 3105.



[119]

LaTeX Font Warning: Font shape `OT1/times/b/n' undefined
(Font)              using `OT1/times/bx/n' instead on input line 3112.



[120]

LaTeX Font Warning: Font shape `OT1/times/b/n' undefined
(Font)              using `OT1/times/bx/n' instead on input line 3129.



[121]

LaTeX Font Warning: Font shape `OT1/times/b/n' undefined
(Font)              using `OT1/times/bx/n' instead on input line 3167.



[122]

[123]

LaTeX Font Warning: Font shape `OT1/times/b/n' undefined
(Font)              using `OT1/times/bx/n' instead on input line 3217.



[124]

[125]

LaTeX Font Warning: Font shape `OT1/times/b/n' undefined
(Font)              using `OT1/times/bx/n' instead on input line 3285.



[126]

[127]

LaTeX Font Warning: Font shape `OT1/times/b/n' undefined
(Font)              using `OT1/times/bx/n' instead on input line 3317.



[128]

[129]

LaTeX Font Warning: Font shape `OT1/times/b/n' undefined
(Font)              using `OT1/times/bx/n' instead on input line 3417.



[130]

[131]

[132]

LaTeX Font Warning: Font shape `OT1/times/b/n' undefined
(Font)              using `OT1/times/bx/n' instead on input line 3526.


LaTeX Font Warning: Font shape `OT1/times/b/n' undefined
(Font)              using `OT1/times/bx/n' instead on input line 3533.



[133]

[134]
Chapter 7.

LaTeX Font Warning: Font shape `OT1/times/b/n' undefined
(Font)              using `OT1/times/bx/n' instead on input line 3574.


LaTeX Font Warning: Font shape `OT1/times/b/n' undefined
(Font)              using `OT1/times/bx/n' instead on input line 3580.



[135

]

[136]

[137]

LaTeX Font Warning: Font shape `OT1/times/b/n' undefined
(Font)              using `OT1/times/bx/n' instead on input line 3636.



[138]

[139]

[140]

LaTeX Font Warning: Font shape `OT1/times/b/n' undefined
(Font)              using `OT1/times/bx/n' instead on input line 3665.



[141]

[142]

LaTeX Font Warning: Font shape `OT1/times/b/n' undefined
(Font)              using `OT1/times/bx/n' instead on input line 3706.



[143]

LaTeX Font Warning: Font shape `OT1/times/b/n' undefined
(Font)              using `OT1/times/bx/n' instead on input line 3753.



[144]

[145]

[146]

[147]

[148]

[149]

LaTeX Font Warning: Font shape `OT1/times/b/n' undefined
(Font)              using `OT1/times/bx/n' instead on input line 3868.



[150]

[151]

[152]

[153]

LaTeX Font Warning: Font shape `OT1/times/b/n' undefined
(Font)              using `OT1/times/bx/n' instead on input line 3962.


LaTeX Font Warning: Font shape `OT1/times/b/n' undefined
(Font)              using `OT1/times/bx/n' instead on input line 3966.



[154]

[155]

[156]

[157]

[158]

[159]

[160]

LaTeX Font Warning: Font shape `OT1/times/b/n' undefined
(Font)              using `OT1/times/bx/n' instead on input line 4185.



[161]

[162]

[163]

[164]

[165]
Chapter 8.

LaTeX Font Warning: Font shape `OT1/times/b/n' undefined
(Font)              using `OT1/times/bx/n' instead on input line 4285.


LaTeX Font Warning: Font shape `OT1/times/b/n' undefined
(Font)              using `OT1/times/bx/n' instead on input line 4291.



[166

]

[167]

[168]
Package epstopdf Info: Source file: <DreamBeam.eps>
(epstopdf)                    date: 2009-01-09 20:04:40
(epstopdf)                    size: 37586 bytes
(epstopdf)             Output file: <DreamBeam-eps-converted-to.pdf>
(epstopdf)                    date: 2025-08-03 18:11:33
(epstopdf)                    size: 31784 bytes
(epstopdf)             Command: <repstopdf --outfile=DreamBeam-eps-converted-to
.pdf DreamBeam.eps>
(epstopdf)             \includegraphics on input line 4348.
Package epstopdf Info: Output file is already uptodate.
<DreamBeam-eps-converted-to.pdf, id=586, 557.08125pt x 742.775pt>
File: DreamBeam-eps-converted-to.pdf Graphic file (type pdf)
<use DreamBeam-eps-converted-to.pdf>
Package pdftex.def Info: DreamBeam-eps-converted-to.pdf  used on input line 434
8.
(pdftex.def)             Requested size: 557.0799pt x 742.77318pt.


LaTeX Font Warning: Font shape `OT1/times/b/n' undefined
(Font)              using `OT1/times/bx/n' instead on input line 4358.



[169]

[170 <./DreamBeam-eps-converted-to.pdf>]

[171]
Chapter 9.

LaTeX Font Warning: Font shape `OT1/times/b/n' undefined
(Font)              using `OT1/times/bx/n' instead on input line 4379.


LaTeX Font Warning: Font shape `OT1/times/b/n' undefined
(Font)              using `OT1/times/bx/n' instead on input line 4384.


LaTeX Font Warning: Font shape `OT1/times/b/n' undefined
(Font)              using `OT1/times/bx/n' instead on input line 4394.



[172

]

LaTeX Font Warning: Font shape `OT1/times/b/n' undefined
(Font)              using `OT1/times/bx/n' instead on input line 4400.



[173]

LaTeX Font Warning: Font shape `OT1/times/b/n' undefined
(Font)              using `OT1/times/bx/n' instead on input line 4416.



[174]

LaTeX Font Warning: Font shape `OT1/times/b/n' undefined
(Font)              using `OT1/times/bx/n' instead on input line 4428.


LaTeX Font Warning: Font shape `OT1/times/b/n' undefined
(Font)              using `OT1/times/bx/n' instead on input line 4436.



[175]

LaTeX Font Warning: Font shape `OT1/times/b/n' undefined
(Font)              using `OT1/times/bx/n' instead on input line 4442.


LaTeX Font Warning: Font shape `OT1/times/b/n' undefined
(Font)              using `OT1/times/bx/n' instead on input line 4449.



[176]

[177]

[178]

LaTeX Font Warning: Font shape `OT1/times/b/n' undefined
(Font)              using `OT1/times/bx/n' instead on input line 4487.



[179]

LaTeX Font Warning: Font shape `OT1/times/b/n' undefined
(Font)              using `OT1/times/bx/n' instead on input line 4507.


LaTeX Font Warning: Font shape `OT1/times/b/n' undefined
(Font)              using `OT1/times/bx/n' instead on input line 4513.



[180]

LaTeX Font Warning: Font shape `OT1/times/b/n' undefined
(Font)              using `OT1/times/bx/n' instead on input line 4520.


LaTeX Font Warning: Font shape `OT1/times/b/n' undefined
(Font)              using `OT1/times/bx/n' instead on input line 4526.



[181]

[182]
Chapter 10.

LaTeX Font Warning: Font shape `OT1/times/b/n' undefined
(Font)              using `OT1/times/bx/n' instead on input line 4536.


LaTeX Font Warning: Font shape `OT1/times/b/n' undefined
(Font)              using `OT1/times/bx/n' instead on input line 4541.



[183

]

[184]

[185]

[186]

[187]

[188]

LaTeX Font Warning: Font shape `OT1/times/b/n' undefined
(Font)              using `OT1/times/bx/n' instead on input line 4665.



[189]

[190]

[191]

[192]

LaTeX Font Warning: Font shape `OT1/times/b/n' undefined
(Font)              using `OT1/times/bx/n' instead on input line 4706.


LaTeX Font Warning: Font shape `OT1/times/b/n' undefined
(Font)              using `OT1/times/bx/n' instead on input line 4717.



[193]

[194]

LaTeX Font Warning: Font shape `OT1/times/b/n' undefined
(Font)              using `OT1/times/bx/n' instead on input line 4735.


LaTeX Font Warning: Font shape `OT1/times/b/n' undefined
(Font)              using `OT1/times/bx/n' instead on input line 4743.



[195]

LaTeX Font Warning: Font shape `OT1/times/b/n' undefined
(Font)              using `OT1/times/bx/n' instead on input line 4750.


LaTeX Font Warning: Font shape `OT1/times/b/n' undefined
(Font)              using `OT1/times/bx/n' instead on input line 4760.


LaTeX Font Warning: Font shape `OT1/times/b/n' undefined
(Font)              using `OT1/times/bx/n' instead on input line 4768.



[196]

[197]

LaTeX Font Warning: Font shape `OT1/times/b/n' undefined
(Font)              using `OT1/times/bx/n' instead on input line 4783.


LaTeX Font Warning: Font shape `OT1/times/b/n' undefined
(Font)              using `OT1/times/bx/n' instead on input line 4792.



[198]

LaTeX Font Warning: Font shape `OT1/times/b/n' undefined
(Font)              using `OT1/times/bx/n' instead on input line 4800.


LaTeX Font Warning: Font shape `OT1/times/b/n' undefined
(Font)              using `OT1/times/bx/n' instead on input line 4818.



[199]

[200]

LaTeX Font Warning: Font shape `OT1/times/b/n' undefined
(Font)              using `OT1/times/bx/n' instead on input line 4839.



[201]

LaTeX Font Warning: Font shape `OT1/times/b/n' undefined
(Font)              using `OT1/times/bx/n' instead on input line 4851.



[202]

LaTeX Font Warning: Font shape `OT1/times/b/n' undefined
(Font)              using `OT1/times/bx/n' instead on input line 4863.


LaTeX Font Warning: Font shape `OT1/times/b/n' undefined
(Font)              using `OT1/times/bx/n' instead on input line 4873.



[203]

[204]

LaTeX Font Warning: Font shape `OT1/times/b/n' undefined
(Font)              using `OT1/times/bx/n' instead on input line 4888.



[205]

LaTeX Font Warning: Font shape `OT1/times/b/n' undefined
(Font)              using `OT1/times/bx/n' instead on input line 4906.



[206]

[207]

LaTeX Font Warning: Font shape `OT1/times/b/n' undefined
(Font)              using `OT1/times/bx/n' instead on input line 4925.



[208]

[209]
Chapter 11.

LaTeX Font Warning: Font shape `OT1/times/b/n' undefined
(Font)              using `OT1/times/bx/n' instead on input line 4941.



[210

]
Chapter 12.

LaTeX Font Warning: Font shape `OT1/times/b/n' undefined
(Font)              using `OT1/times/bx/n' instead on input line 4956.



[211

]

[212]

[213]

[214]

[215]

LaTeX Font Warning: Font shape `OT1/times/b/n' undefined
(Font)              using `OT1/times/bx/n' instead on input line 5019.


LaTeX Font Warning: Font shape `OT1/times/b/n' undefined
(Font)              using `OT1/times/bx/n' instead on input line 5025.


LaTeX Font Warning: Font shape `OT1/times/b/n' undefined
(Font)              using `OT1/times/bx/n' instead on input line 5028.


LaTeX Font Warning: Font shape `OT1/times/b/n' undefined
(Font)              using `OT1/times/bx/n' instead on input line 5032.


LaTeX Font Warning: Font shape `OT1/times/b/n' undefined
(Font)              using `OT1/times/bx/n' instead on input line 5058.


LaTeX Font Warning: Font shape `OT1/times/b/n' undefined
(Font)              using `OT1/times/bx/n' instead on input line 5061.



[216]

[217]

[218]

LaTeX Font Warning: Font shape `OT1/times/b/n' undefined
(Font)              using `OT1/times/bx/n' instead on input line 5105.



[219]

LaTeX Font Warning: Font shape `OT1/times/b/n' undefined
(Font)              using `OT1/times/bx/n' instead on input line 5112.


LaTeX Font Warning: Font shape `OT1/times/b/n' undefined
(Font)              using `OT1/times/bx/n' instead on input line 5113.


LaTeX Font Warning: Font shape `OT1/times/b/n' undefined
(Font)              using `OT1/times/bx/n' instead on input line 5115.


LaTeX Font Warning: Font shape `OT1/times/b/n' undefined
(Font)              using `OT1/times/bx/n' instead on input line 5117.


LaTeX Font Warning: Font shape `OT1/times/b/n' undefined
(Font)              using `OT1/times/bx/n' instead on input line 5119.


LaTeX Font Warning: Font shape `OT1/times/b/n' undefined
(Font)              using `OT1/times/bx/n' instead on input line 5121.


LaTeX Font Warning: Font shape `OT1/times/b/n' undefined
(Font)              using `OT1/times/bx/n' instead on input line 5123.


LaTeX Font Warning: Font shape `OT1/times/b/n' undefined
(Font)              using `OT1/times/bx/n' instead on input line 5125.


LaTeX Font Warning: Font shape `OT1/times/b/n' undefined
(Font)              using `OT1/times/bx/n' instead on input line 5127.


LaTeX Font Warning: Font shape `OT1/times/b/n' undefined
(Font)              using `OT1/times/bx/n' instead on input line 5129.


LaTeX Font Warning: Font shape `OT1/times/b/n' undefined
(Font)              using `OT1/times/bx/n' instead on input line 5131.


LaTeX Font Warning: Font shape `OT1/times/b/n' undefined
(Font)              using `OT1/times/bx/n' instead on input line 5133.


LaTeX Font Warning: Font shape `OT1/times/b/n' undefined
(Font)              using `OT1/times/bx/n' instead on input line 5139.



[220]
Chapter 13.

LaTeX Font Warning: Font shape `OT1/times/b/n' undefined
(Font)              using `OT1/times/bx/n' instead on input line 5153.



[221

]

LaTeX Font Warning: Font shape `OT1/times/b/n' undefined
(Font)              using `OT1/times/bx/n' instead on input line 5179.


LaTeX Font Warning: Font shape `OT1/times/b/n' undefined
(Font)              using `OT1/times/bx/n' instead on input line 5181.


LaTeX Font Warning: Font shape `OT1/times/b/n' undefined
(Font)              using `OT1/times/bx/n' instead on input line 5183.


LaTeX Font Warning: Font shape `OT1/times/b/n' undefined
(Font)              using `OT1/times/bx/n' instead on input line 5185.


LaTeX Font Warning: Font shape `OT1/times/b/n' undefined
(Font)              using `OT1/times/bx/n' instead on input line 5187.


LaTeX Font Warning: Font shape `OT1/times/b/n' undefined
(Font)              using `OT1/times/bx/n' instead on input line 5189.


LaTeX Font Warning: Font shape `OT1/times/b/n' undefined
(Font)              using `OT1/times/bx/n' instead on input line 5191.


LaTeX Font Warning: Font shape `OT1/times/b/n' undefined
(Font)              using `OT1/times/bx/n' instead on input line 5193.


LaTeX Font Warning: Font shape `OT1/times/b/n' undefined
(Font)              using `OT1/times/bx/n' instead on input line 5195.


LaTeX Font Warning: Font shape `OT1/times/b/n' undefined
(Font)              using `OT1/times/bx/n' instead on input line 5197.


LaTeX Font Warning: Font shape `OT1/times/b/n' undefined
(Font)              using `OT1/times/bx/n' instead on input line 5201.


LaTeX Font Warning: Font shape `OT1/times/b/n' undefined
(Font)              using `OT1/times/bx/n' instead on input line 5205.



[222]

LaTeX Font Warning: Font shape `OT1/times/b/n' undefined
(Font)              using `OT1/times/bx/n' instead on input line 5207.


LaTeX Font Warning: Font shape `OT1/times/b/n' undefined
(Font)              using `OT1/times/bx/n' instead on input line 5209.


LaTeX Font Warning: Font shape `OT1/times/b/n' undefined
(Font)              using `OT1/times/bx/n' instead on input line 5211.


LaTeX Font Warning: Font shape `OT1/times/b/n' undefined
(Font)              using `OT1/times/bx/n' instead on input line 5213.


LaTeX Font Warning: Font shape `OT1/times/b/n' undefined
(Font)              using `OT1/times/bx/n' instead on input line 5215.


LaTeX Font Warning: Font shape `OT1/times/b/n' undefined
(Font)              using `OT1/times/bx/n' instead on input line 5217.


LaTeX Font Warning: Font shape `OT1/times/b/n' undefined
(Font)              using `OT1/times/bx/n' instead on input line 5224.


LaTeX Font Warning: Font shape `OT1/times/b/n' undefined
(Font)              using `OT1/times/bx/n' instead on input line 5226.


LaTeX Font Warning: Font shape `OT1/times/b/n' undefined
(Font)              using `OT1/times/bx/n' instead on input line 5228.


LaTeX Font Warning: Font shape `OT1/times/b/n' undefined
(Font)              using `OT1/times/bx/n' instead on input line 5232.


LaTeX Font Warning: Font shape `OT1/times/b/n' undefined
(Font)              using `OT1/times/bx/n' instead on input line 5236.



[223]

LaTeX Font Warning: Font shape `OT1/times/b/n' undefined
(Font)              using `OT1/times/bx/n' instead on input line 5238.


LaTeX Font Warning: Font shape `OT1/times/b/n' undefined
(Font)              using `OT1/times/bx/n' instead on input line 5240.


LaTeX Font Warning: Font shape `OT1/times/b/n' undefined
(Font)              using `OT1/times/bx/n' instead on input line 5242.


LaTeX Font Warning: Font shape `OT1/times/b/n' undefined
(Font)              using `OT1/times/bx/n' instead on input line 5244.


LaTeX Font Warning: Font shape `OT1/times/b/n' undefined
(Font)              using `OT1/times/bx/n' instead on input line 5246.


LaTeX Font Warning: Font shape `OT1/times/b/n' undefined
(Font)              using `OT1/times/bx/n' instead on input line 5248.


LaTeX Font Warning: Font shape `OT1/times/b/n' undefined
(Font)              using `OT1/times/bx/n' instead on input line 5250.


LaTeX Font Warning: Font shape `OT1/times/b/n' undefined
(Font)              using `OT1/times/bx/n' instead on input line 5252.


LaTeX Font Warning: Font shape `OT1/times/b/n' undefined
(Font)              using `OT1/times/bx/n' instead on input line 5254.


LaTeX Font Warning: Font shape `OT1/times/b/n' undefined
(Font)              using `OT1/times/bx/n' instead on input line 5256.


LaTeX Font Warning: Font shape `OT1/times/b/n' undefined
(Font)              using `OT1/times/bx/n' instead on input line 5258.


LaTeX Font Warning: Font shape `OT1/times/b/n' undefined
(Font)              using `OT1/times/bx/n' instead on input line 5260.


LaTeX Font Warning: Font shape `OT1/times/b/n' undefined
(Font)              using `OT1/times/bx/n' instead on input line 5264.



[224]

LaTeX Font Warning: Font shape `OT1/times/b/n' undefined
(Font)              using `OT1/times/bx/n' instead on input line 5270.


LaTeX Font Warning: Font shape `OT1/times/b/n' undefined
(Font)              using `OT1/times/bx/n' instead on input line 5272.


LaTeX Font Warning: Font shape `OT1/times/b/n' undefined
(Font)              using `OT1/times/bx/n' instead on input line 5274.


LaTeX Font Warning: Font shape `OT1/times/b/n' undefined
(Font)              using `OT1/times/bx/n' instead on input line 5276.


LaTeX Font Warning: Font shape `OT1/times/b/n' undefined
(Font)              using `OT1/times/bx/n' instead on input line 5280.


LaTeX Font Warning: Font shape `OT1/times/b/n' undefined
(Font)              using `OT1/times/bx/n' instead on input line 5282.


LaTeX Font Warning: Font shape `OT1/times/b/n' undefined
(Font)              using `OT1/times/bx/n' instead on input line 5284.


LaTeX Font Warning: Font shape `OT1/times/b/n' undefined
(Font)              using `OT1/times/bx/n' instead on input line 5286.



[225]

LaTeX Font Warning: Font shape `OT1/times/b/n' undefined
(Font)              using `OT1/times/bx/n' instead on input line 5290.


LaTeX Font Warning: Font shape `OT1/times/b/n' undefined
(Font)              using `OT1/times/bx/n' instead on input line 5292.


LaTeX Font Warning: Font shape `OT1/times/b/n' undefined
(Font)              using `OT1/times/bx/n' instead on input line 5294.


LaTeX Font Warning: Font shape `OT1/times/b/n' undefined
(Font)              using `OT1/times/bx/n' instead on input line 5298.


LaTeX Font Warning: Font shape `OT1/times/b/n' undefined
(Font)              using `OT1/times/bx/n' instead on input line 5306.


LaTeX Font Warning: Font shape `OT1/times/b/n' undefined
(Font)              using `OT1/times/bx/n' instead on input line 5310.


LaTeX Font Warning: Font shape `OT1/times/b/n' undefined
(Font)              using `OT1/times/bx/n' instead on input line 5312.


LaTeX Font Warning: Font shape `OT1/times/b/n' undefined
(Font)              using `OT1/times/bx/n' instead on input line 5314.


LaTeX Font Warning: Font shape `OT1/times/b/n' undefined
(Font)              using `OT1/times/bx/n' instead on input line 5316.


LaTeX Font Warning: Font shape `OT1/times/b/n' undefined
(Font)              using `OT1/times/bx/n' instead on input line 5318.


LaTeX Font Warning: Font shape `OT1/times/b/n' undefined
(Font)              using `OT1/times/bx/n' instead on input line 5320.



[226]

LaTeX Font Warning: Font shape `OT1/times/b/n' undefined
(Font)              using `OT1/times/bx/n' instead on input line 5322.


LaTeX Font Warning: Font shape `OT1/times/b/n' undefined
(Font)              using `OT1/times/bx/n' instead on input line 5326.


LaTeX Font Warning: Font shape `OT1/times/b/n' undefined
(Font)              using `OT1/times/bx/n' instead on input line 5330.


LaTeX Font Warning: Font shape `OT1/times/b/n' undefined
(Font)              using `OT1/times/bx/n' instead on input line 5332.


LaTeX Font Warning: Font shape `OT1/times/b/n' undefined
(Font)              using `OT1/times/bx/n' instead on input line 5334.


LaTeX Font Warning: Font shape `OT1/times/b/n' undefined
(Font)              using `OT1/times/bx/n' instead on input line 5334.


LaTeX Font Warning: Font shape `OT1/times/b/n' undefined
(Font)              using `OT1/times/bx/n' instead on input line 5336.


LaTeX Font Warning: Font shape `OT1/times/b/n' undefined
(Font)              using `OT1/times/bx/n' instead on input line 5338.


LaTeX Font Warning: Font shape `OT1/times/b/n' undefined
(Font)              using `OT1/times/bx/n' instead on input line 5340.


LaTeX Font Warning: Font shape `OT1/times/b/n' undefined
(Font)              using `OT1/times/bx/n' instead on input line 5340.


LaTeX Font Warning: Font shape `OT1/times/b/n' undefined
(Font)              using `OT1/times/bx/n' instead on input line 5342.


LaTeX Font Warning: Font shape `OT1/times/b/n' undefined
(Font)              using `OT1/times/bx/n' instead on input line 5348.



[227]

LaTeX Font Warning: Font shape `OT1/times/b/n' undefined
(Font)              using `OT1/times/bx/n' instead on input line 5352.


LaTeX Font Warning: Font shape `OT1/times/b/n' undefined
(Font)              using `OT1/times/bx/n' instead on input line 5352.


LaTeX Font Warning: Font shape `OT1/times/b/n' undefined
(Font)              using `OT1/times/bx/n' instead on input line 5354.


LaTeX Font Warning: Font shape `OT1/times/b/n' undefined
(Font)              using `OT1/times/bx/n' instead on input line 5356.


LaTeX Font Warning: Font shape `OT1/times/b/n' undefined
(Font)              using `OT1/times/bx/n' instead on input line 5358.


LaTeX Font Warning: Font shape `OT1/times/b/n' undefined
(Font)              using `OT1/times/bx/n' instead on input line 5360.


LaTeX Font Warning: Font shape `OT1/times/b/n' undefined
(Font)              using `OT1/times/bx/n' instead on input line 5362.


LaTeX Font Warning: Font shape `OT1/times/b/n' undefined
(Font)              using `OT1/times/bx/n' instead on input line 5364.


LaTeX Font Warning: Font shape `OT1/times/b/n' undefined
(Font)              using `OT1/times/bx/n' instead on input line 5366.


LaTeX Font Warning: Font shape `OT1/times/b/n' undefined
(Font)              using `OT1/times/bx/n' instead on input line 5368.


LaTeX Font Warning: Font shape `OT1/times/b/n' undefined
(Font)              using `OT1/times/bx/n' instead on input line 5370.


LaTeX Font Warning: Font shape `OT1/times/b/n' undefined
(Font)              using `OT1/times/bx/n' instead on input line 5372.


LaTeX Font Warning: Font shape `OT1/times/b/n' undefined
(Font)              using `OT1/times/bx/n' instead on input line 5374.



[228]

LaTeX Font Warning: Font shape `OT1/times/b/n' undefined
(Font)              using `OT1/times/bx/n' instead on input line 5377.


LaTeX Font Warning: Font shape `OT1/times/b/n' undefined
(Font)              using `OT1/times/bx/n' instead on input line 5383.


LaTeX Font Warning: Font shape `OT1/times/b/n' undefined
(Font)              using `OT1/times/bx/n' instead on input line 5385.


LaTeX Font Warning: Font shape `OT1/times/b/n' undefined
(Font)              using `OT1/times/bx/n' instead on input line 5389.


LaTeX Font Warning: Font shape `OT1/times/b/n' undefined
(Font)              using `OT1/times/bx/n' instead on input line 5393.


LaTeX Font Warning: Font shape `OT1/times/b/n' undefined
(Font)              using `OT1/times/bx/n' instead on input line 5395.


LaTeX Font Warning: Font shape `OT1/times/b/n' undefined
(Font)              using `OT1/times/bx/n' instead on input line 5397.


LaTeX Font Warning: Font shape `OT1/times/b/n' undefined
(Font)              using `OT1/times/bx/n' instead on input line 5399.



[229]

LaTeX Font Warning: Font shape `OT1/times/b/n' undefined
(Font)              using `OT1/times/bx/n' instead on input line 5404.


LaTeX Font Warning: Font shape `OT1/times/b/n' undefined
(Font)              using `OT1/times/bx/n' instead on input line 5410.


LaTeX Font Warning: Font shape `OT1/times/b/n' undefined
(Font)              using `OT1/times/bx/n' instead on input line 5416.


LaTeX Font Warning: Font shape `OT1/times/b/n' undefined
(Font)              using `OT1/times/bx/n' instead on input line 5423.


LaTeX Font Warning: Font shape `OT1/times/b/n' undefined
(Font)              using `OT1/times/bx/n' instead on input line 5425.


LaTeX Font Warning: Font shape `OT1/times/b/n' undefined
(Font)              using `OT1/times/bx/n' instead on input line 5427.


LaTeX Font Warning: Font shape `OT1/times/b/n' undefined
(Font)              using `OT1/times/bx/n' instead on input line 5429.


LaTeX Font Warning: Font shape `OT1/times/b/n' undefined
(Font)              using `OT1/times/bx/n' instead on input line 5431.


LaTeX Font Warning: Font shape `OT1/times/b/n' undefined
(Font)              using `OT1/times/bx/n' instead on input line 5433.



[230]

LaTeX Font Warning: Font shape `OT1/times/b/n' undefined
(Font)              using `OT1/times/bx/n' instead on input line 5435.


LaTeX Font Warning: Font shape `OT1/times/b/n' undefined
(Font)              using `OT1/times/bx/n' instead on input line 5437.


LaTeX Font Warning: Font shape `OT1/times/b/n' undefined
(Font)              using `OT1/times/bx/n' instead on input line 5439.


LaTeX Font Warning: Font shape `OT1/times/b/n' undefined
(Font)              using `OT1/times/bx/n' instead on input line 5447.


LaTeX Font Warning: Font shape `OT1/times/b/n' undefined
(Font)              using `OT1/times/bx/n' instead on input line 5449.


LaTeX Font Warning: Font shape `OT1/times/b/n' undefined
(Font)              using `OT1/times/bx/n' instead on input line 5451.


LaTeX Font Warning: Font shape `OT1/times/b/n' undefined
(Font)              using `OT1/times/bx/n' instead on input line 5453.


LaTeX Font Warning: Font shape `OT1/times/b/n' undefined
(Font)              using `OT1/times/bx/n' instead on input line 5455.


LaTeX Font Warning: Font shape `OT1/times/b/n' undefined
(Font)              using `OT1/times/bx/n' instead on input line 5457.


LaTeX Font Warning: Font shape `OT1/times/b/n' undefined
(Font)              using `OT1/times/bx/n' instead on input line 5464.



[231]

LaTeX Font Warning: Font shape `OT1/times/b/n' undefined
(Font)              using `OT1/times/bx/n' instead on input line 5466.


LaTeX Font Warning: Font shape `OT1/times/b/n' undefined
(Font)              using `OT1/times/bx/n' instead on input line 5468.


LaTeX Font Warning: Font shape `OT1/times/b/n' undefined
(Font)              using `OT1/times/bx/n' instead on input line 5472.


LaTeX Font Warning: Font shape `OT1/times/b/n' undefined
(Font)              using `OT1/times/bx/n' instead on input line 5474.


LaTeX Font Warning: Font shape `OT1/times/b/n' undefined
(Font)              using `OT1/times/bx/n' instead on input line 5476.


LaTeX Font Warning: Font shape `OT1/times/b/n' undefined
(Font)              using `OT1/times/bx/n' instead on input line 5478.


LaTeX Font Warning: Font shape `OT1/times/b/n' undefined
(Font)              using `OT1/times/bx/n' instead on input line 5480.


LaTeX Font Warning: Font shape `OT1/times/b/n' undefined
(Font)              using `OT1/times/bx/n' instead on input line 5482.


LaTeX Font Warning: Font shape `OT1/times/b/n' undefined
(Font)              using `OT1/times/bx/n' instead on input line 5484.


LaTeX Font Warning: Font shape `OT1/times/b/n' undefined
(Font)              using `OT1/times/bx/n' instead on input line 5486.


LaTeX Font Warning: Font shape `OT1/times/b/n' undefined
(Font)              using `OT1/times/bx/n' instead on input line 5488.


Overfull \hbox (2.14671pt too wide) in paragraph at lines 5488--5489
[]\OT1/times/m/n/12 M.A. Mostrom et al., \OT1/times/m/it/12 Ero-sion and evap-o
-ra-tion the-ory in ion-focused electron-
 []



[232]

LaTeX Font Warning: Font shape `OT1/times/b/n' undefined
(Font)              using `OT1/times/bx/n' instead on input line 5500.


LaTeX Font Warning: Font shape `OT1/times/b/n' undefined
(Font)              using `OT1/times/bx/n' instead on input line 5502.


LaTeX Font Warning: Font shape `OT1/times/b/n' undefined
(Font)              using `OT1/times/bx/n' instead on input line 5504.


LaTeX Font Warning: Font shape `OT1/times/b/n' undefined
(Font)              using `OT1/times/bx/n' instead on input line 5506.


LaTeX Font Warning: Font shape `OT1/times/b/n' undefined
(Font)              using `OT1/times/bx/n' instead on input line 5508.


LaTeX Font Warning: Font shape `OT1/times/b/n' undefined
(Font)              using `OT1/times/bx/n' instead on input line 5510.


LaTeX Font Warning: Font shape `OT1/times/b/n' undefined
(Font)              using `OT1/times/bx/n' instead on input line 5512.


LaTeX Font Warning: Font shape `OT1/times/b/n' undefined
(Font)              using `OT1/times/bx/n' instead on input line 5514.


LaTeX Font Warning: Font shape `OT1/times/b/n' undefined
(Font)              using `OT1/times/bx/n' instead on input line 5514.


LaTeX Font Warning: Font shape `OT1/times/b/n' undefined
(Font)              using `OT1/times/bx/n' instead on input line 5519.


LaTeX Font Warning: Font shape `OT1/times/b/n' undefined
(Font)              using `OT1/times/bx/n' instead on input line 5523.



[233]

LaTeX Font Warning: Font shape `OT1/times/b/n' undefined
(Font)              using `OT1/times/bx/n' instead on input line 5525.


LaTeX Font Warning: Font shape `OT1/times/b/n' undefined
(Font)              using `OT1/times/bx/n' instead on input line 5527.


LaTeX Font Warning: Font shape `OT1/times/b/n' undefined
(Font)              using `OT1/times/bx/n' instead on input line 5529.


LaTeX Font Warning: Font shape `OT1/times/b/n' undefined
(Font)              using `OT1/times/bx/n' instead on input line 5532.


LaTeX Font Warning: Font shape `OT1/times/b/n' undefined
(Font)              using `OT1/times/bx/n' instead on input line 5534.


LaTeX Font Warning: Font shape `OT1/times/b/n' undefined
(Font)              using `OT1/times/bx/n' instead on input line 5536.


LaTeX Font Warning: Font shape `OT1/times/b/n' undefined
(Font)              using `OT1/times/bx/n' instead on input line 5538.


LaTeX Font Warning: Font shape `OT1/times/b/n' undefined
(Font)              using `OT1/times/bx/n' instead on input line 5540.


LaTeX Font Warning: Font shape `OT1/times/b/n' undefined
(Font)              using `OT1/times/bx/n' instead on input line 5542.


LaTeX Font Warning: Font shape `OT1/times/b/n' undefined
(Font)              using `OT1/times/bx/n' instead on input line 5544.


LaTeX Font Warning: Font shape `OT1/times/b/n' undefined
(Font)              using `OT1/times/bx/n' instead on input line 5546.


LaTeX Font Warning: Font shape `OT1/times/b/n' undefined
(Font)              using `OT1/times/bx/n' instead on input line 5549.



[234]

LaTeX Font Warning: Font shape `OT1/times/b/n' undefined
(Font)              using `OT1/times/bx/n' instead on input line 5551.


LaTeX Font Warning: Font shape `OT1/times/b/n' undefined
(Font)              using `OT1/times/bx/n' instead on input line 5553.


LaTeX Font Warning: Font shape `OT1/times/b/n' undefined
(Font)              using `OT1/times/bx/n' instead on input line 5555.


LaTeX Font Warning: Font shape `OT1/times/b/n' undefined
(Font)              using `OT1/times/bx/n' instead on input line 5557.


LaTeX Font Warning: Font shape `OT1/times/b/n' undefined
(Font)              using `OT1/times/bx/n' instead on input line 5559.


LaTeX Font Warning: Font shape `OT1/times/b/n' undefined
(Font)              using `OT1/times/bx/n' instead on input line 5561.


LaTeX Font Warning: Font shape `OT1/times/b/n' undefined
(Font)              using `OT1/times/bx/n' instead on input line 5563.


LaTeX Font Warning: Font shape `OT1/times/b/n' undefined
(Font)              using `OT1/times/bx/n' instead on input line 5565.


LaTeX Font Warning: Font shape `OT1/times/b/n' undefined
(Font)              using `OT1/times/bx/n' instead on input line 5567.


LaTeX Font Warning: Font shape `OT1/times/b/n' undefined
(Font)              using `OT1/times/bx/n' instead on input line 5569.


LaTeX Font Warning: Font shape `OT1/times/b/n' undefined
(Font)              using `OT1/times/bx/n' instead on input line 5571.


Overfull \hbox (3.81471pt too wide) in paragraph at lines 5571--5572
[]\OT1/times/m/n/12 D. Finkel-stein and P.A. Stur-rock, \OT1/times/m/it/12 Sta-
bil-ity of rel-a-tivis-tic self-focusing streams\OT1/times/m/n/12 ,
 []


LaTeX Font Warning: Font shape `OT1/times/b/n' undefined
(Font)              using `OT1/times/bx/n' instead on input line 5573.


LaTeX Font Warning: Font shape `OT1/times/b/n' undefined
(Font)              using `OT1/times/bx/n' instead on input line 5577.


LaTeX Font Warning: Font shape `OT1/times/b/n' undefined
(Font)              using `OT1/times/bx/n' instead on input line 5578.


LaTeX Font Warning: Font shape `OT1/times/b/n' undefined
(Font)              using `OT1/times/bx/n' instead on input line 5579.



[235]

LaTeX Font Warning: Font shape `OT1/times/b/n' undefined
(Font)              using `OT1/times/bx/n' instead on input line 5581.


LaTeX Font Warning: Font shape `OT1/times/b/n' undefined
(Font)              using `OT1/times/bx/n' instead on input line 5583.


LaTeX Font Warning: Font shape `OT1/times/b/n' undefined
(Font)              using `OT1/times/bx/n' instead on input line 5585.


LaTeX Font Warning: Font shape `OT1/times/b/n' undefined
(Font)              using `OT1/times/bx/n' instead on input line 5587.


LaTeX Font Warning: Font shape `OT1/times/b/n' undefined
(Font)              using `OT1/times/bx/n' instead on input line 5589.


LaTeX Font Warning: Font shape `OT1/times/b/n' undefined
(Font)              using `OT1/times/bx/n' instead on input line 5591.


LaTeX Font Warning: Font shape `OT1/times/b/n' undefined
(Font)              using `OT1/times/bx/n' instead on input line 5593.


LaTeX Font Warning: Font shape `OT1/times/b/n' undefined
(Font)              using `OT1/times/bx/n' instead on input line 5599.


LaTeX Font Warning: Font shape `OT1/times/b/n' undefined
(Font)              using `OT1/times/bx/n' instead on input line 5601.


LaTeX Font Warning: Font shape `OT1/times/b/n' undefined
(Font)              using `OT1/times/bx/n' instead on input line 5603.


LaTeX Font Warning: Font shape `OT1/times/b/n' undefined
(Font)              using `OT1/times/bx/n' instead on input line 5605.



[236]

LaTeX Font Warning: Font shape `OT1/times/b/n' undefined
(Font)              using `OT1/times/bx/n' instead on input line 5610.


LaTeX Font Warning: Font shape `OT1/times/b/n' undefined
(Font)              using `OT1/times/bx/n' instead on input line 5612.


LaTeX Font Warning: Font shape `OT1/times/b/n' undefined
(Font)              using `OT1/times/bx/n' instead on input line 5618.


LaTeX Font Warning: Font shape `OT1/times/b/n' undefined
(Font)              using `OT1/times/bx/n' instead on input line 5620.


LaTeX Font Warning: Font shape `OT1/times/b/n' undefined
(Font)              using `OT1/times/bx/n' instead on input line 5622.


LaTeX Font Warning: Font shape `OT1/times/b/n' undefined
(Font)              using `OT1/times/bx/n' instead on input line 5624.


LaTeX Font Warning: Font shape `OT1/times/b/n' undefined
(Font)              using `OT1/times/bx/n' instead on input line 5626.


LaTeX Font Warning: Font shape `OT1/times/b/n' undefined
(Font)              using `OT1/times/bx/n' instead on input line 5630.


LaTeX Font Warning: Font shape `OT1/times/b/n' undefined
(Font)              using `OT1/times/bx/n' instead on input line 5634.


LaTeX Font Warning: Font shape `OT1/times/b/n' undefined
(Font)              using `OT1/times/bx/n' instead on input line 5636.


LaTeX Font Warning: Font shape `OT1/times/b/n' undefined
(Font)              using `OT1/times/bx/n' instead on input line 5638.


LaTeX Font Warning: Font shape `OT1/times/b/n' undefined
(Font)              using `OT1/times/bx/n' instead on input line 5640.


LaTeX Font Warning: Font shape `OT1/times/b/n' undefined
(Font)              using `OT1/times/bx/n' instead on input line 5642.



[237]

LaTeX Font Warning: Font shape `OT1/times/b/n' undefined
(Font)              using `OT1/times/bx/n' instead on input line 5644.


LaTeX Font Warning: Font shape `OT1/times/b/n' undefined
(Font)              using `OT1/times/bx/n' instead on input line 5648.


LaTeX Font Warning: Font shape `OT1/times/b/n' undefined
(Font)              using `OT1/times/bx/n' instead on input line 5650.


LaTeX Font Warning: Font shape `OT1/times/b/n' undefined
(Font)              using `OT1/times/bx/n' instead on input line 5654.


LaTeX Font Warning: Font shape `OT1/times/b/n' undefined
(Font)              using `OT1/times/bx/n' instead on input line 5656.


LaTeX Font Warning: Font shape `OT1/times/b/n' undefined
(Font)              using `OT1/times/bx/n' instead on input line 5658.


LaTeX Font Warning: Font shape `OT1/times/b/n' undefined
(Font)              using `OT1/times/bx/n' instead on input line 5660.


LaTeX Font Warning: Font shape `OT1/times/b/n' undefined
(Font)              using `OT1/times/bx/n' instead on input line 5662.


LaTeX Font Warning: Font shape `OT1/times/b/n' undefined
(Font)              using `OT1/times/bx/n' instead on input line 5666.


LaTeX Font Warning: Font shape `OT1/times/b/n' undefined
(Font)              using `OT1/times/bx/n' instead on input line 5668.


LaTeX Font Warning: Font shape `OT1/times/b/n' undefined
(Font)              using `OT1/times/bx/n' instead on input line 5670.



[238]

LaTeX Font Warning: Font shape `OT1/times/b/n' undefined
(Font)              using `OT1/times/bx/n' instead on input line 5672.


LaTeX Font Warning: Font shape `OT1/times/b/n' undefined
(Font)              using `OT1/times/bx/n' instead on input line 5674.


LaTeX Font Warning: Font shape `OT1/times/b/n' undefined
(Font)              using `OT1/times/bx/n' instead on input line 5676.


LaTeX Font Warning: Font shape `OT1/times/b/n' undefined
(Font)              using `OT1/times/bx/n' instead on input line 5678.


LaTeX Font Warning: Font shape `OT1/times/b/n' undefined
(Font)              using `OT1/times/bx/n' instead on input line 5680.


LaTeX Font Warning: Font shape `OT1/times/b/n' undefined
(Font)              using `OT1/times/bx/n' instead on input line 5682.


LaTeX Font Warning: Font shape `OT1/times/b/n' undefined
(Font)              using `OT1/times/bx/n' instead on input line 5684.


LaTeX Font Warning: Font shape `OT1/times/b/n' undefined
(Font)              using `OT1/times/bx/n' instead on input line 5686.


LaTeX Font Warning: Font shape `OT1/times/b/n' undefined
(Font)              using `OT1/times/bx/n' instead on input line 5686.


LaTeX Font Warning: Font shape `OT1/times/b/n' undefined
(Font)              using `OT1/times/bx/n' instead on input line 5688.


LaTeX Font Warning: Font shape `OT1/times/b/n' undefined
(Font)              using `OT1/times/bx/n' instead on input line 5690.


LaTeX Font Warning: Font shape `OT1/times/b/n' undefined
(Font)              using `OT1/times/bx/n' instead on input line 5692.



[239]

LaTeX Font Warning: Font shape `OT1/times/b/n' undefined
(Font)              using `OT1/times/bx/n' instead on input line 5694.


LaTeX Font Warning: Font shape `OT1/times/b/n' undefined
(Font)              using `OT1/times/bx/n' instead on input line 5696.


LaTeX Font Warning: Font shape `OT1/times/b/n' undefined
(Font)              using `OT1/times/bx/n' instead on input line 5698.


LaTeX Font Warning: Font shape `OT1/times/b/n' undefined
(Font)              using `OT1/times/bx/n' instead on input line 5700.


LaTeX Font Warning: Font shape `OT1/times/b/n' undefined
(Font)              using `OT1/times/bx/n' instead on input line 5702.


LaTeX Font Warning: Font shape `OT1/times/b/n' undefined
(Font)              using `OT1/times/bx/n' instead on input line 5704.


LaTeX Font Warning: Font shape `OT1/times/b/n' undefined
(Font)              using `OT1/times/bx/n' instead on input line 5706.


LaTeX Font Warning: Font shape `OT1/times/b/n' undefined
(Font)              using `OT1/times/bx/n' instead on input line 5708.


LaTeX Font Warning: Font shape `OT1/times/b/n' undefined
(Font)              using `OT1/times/bx/n' instead on input line 5710.


LaTeX Font Warning: Font shape `OT1/times/b/n' undefined
(Font)              using `OT1/times/bx/n' instead on input line 5712.


LaTeX Font Warning: Font shape `OT1/times/b/n' undefined
(Font)              using `OT1/times/bx/n' instead on input line 5714.


LaTeX Font Warning: Font shape `OT1/times/b/n' undefined
(Font)              using `OT1/times/bx/n' instead on input line 5716.


LaTeX Font Warning: Font shape `OT1/times/b/n' undefined
(Font)              using `OT1/times/bx/n' instead on input line 5718.



[240]

LaTeX Font Warning: Font shape `OT1/times/b/n' undefined
(Font)              using `OT1/times/bx/n' instead on input line 5720.


LaTeX Font Warning: Font shape `OT1/times/b/n' undefined
(Font)              using `OT1/times/bx/n' instead on input line 5722.


LaTeX Font Warning: Font shape `OT1/times/b/n' undefined
(Font)              using `OT1/times/bx/n' instead on input line 5724.


LaTeX Font Warning: Font shape `OT1/times/b/n' undefined
(Font)              using `OT1/times/bx/n' instead on input line 5726.


LaTeX Font Warning: Font shape `OT1/times/b/n' undefined
(Font)              using `OT1/times/bx/n' instead on input line 5728.


LaTeX Font Warning: Font shape `OT1/times/b/n' undefined
(Font)              using `OT1/times/bx/n' instead on input line 5730.


LaTeX Font Warning: Font shape `OT1/times/b/n' undefined
(Font)              using `OT1/times/bx/n' instead on input line 5737.


LaTeX Font Warning: Font shape `OT1/times/b/n' undefined
(Font)              using `OT1/times/bx/n' instead on input line 5739.


LaTeX Font Warning: Font shape `OT1/times/b/n' undefined
(Font)              using `OT1/times/bx/n' instead on input line 5741.


LaTeX Font Warning: Font shape `OT1/times/b/n' undefined
(Font)              using `OT1/times/bx/n' instead on input line 5743.


LaTeX Font Warning: Font shape `OT1/times/b/n' undefined
(Font)              using `OT1/times/bx/n' instead on input line 5745.


LaTeX Font Warning: Font shape `OT1/times/b/n' undefined
(Font)              using `OT1/times/bx/n' instead on input line 5747.



[241]

LaTeX Font Warning: Font shape `OT1/times/b/n' undefined
(Font)              using `OT1/times/bx/n' instead on input line 5749.


LaTeX Font Warning: Font shape `OT1/times/b/n' undefined
(Font)              using `OT1/times/bx/n' instead on input line 5751.


Overfull \hbox (5.61472pt too wide) in paragraph at lines 5751--5752
[]\OT1/times/m/n/12 M. Galvez and S.P. Gary, \OT1/times/m/it/12 Elec-tro-static
 beam in-sta-bil-i-ties in a pos-i-tive/negative
 []


LaTeX Font Warning: Font shape `OT1/times/b/n' undefined
(Font)              using `OT1/times/bx/n' instead on input line 5753.


LaTeX Font Warning: Font shape `OT1/times/b/n' undefined
(Font)              using `OT1/times/bx/n' instead on input line 5755.


LaTeX Font Warning: Font shape `OT1/times/b/n' undefined
(Font)              using `OT1/times/bx/n' instead on input line 5757.


LaTeX Font Warning: Font shape `OT1/times/b/n' undefined
(Font)              using `OT1/times/bx/n' instead on input line 5763.


LaTeX Font Warning: Font shape `OT1/times/b/n' undefined
(Font)              using `OT1/times/bx/n' instead on input line 5765.


LaTeX Font Warning: Font shape `OT1/times/b/n' undefined
(Font)              using `OT1/times/bx/n' instead on input line 5767.


LaTeX Font Warning: Font shape `OT1/times/b/n' undefined
(Font)              using `OT1/times/bx/n' instead on input line 5770.


LaTeX Font Warning: Font shape `OT1/times/b/n' undefined
(Font)              using `OT1/times/bx/n' instead on input line 5776.


LaTeX Font Warning: Font shape `OT1/times/b/n' undefined
(Font)              using `OT1/times/bx/n' instead on input line 5778.



[242]

LaTeX Font Warning: Font shape `OT1/times/b/n' undefined
(Font)              using `OT1/times/bx/n' instead on input line 5780.


LaTeX Font Warning: Font shape `OT1/times/b/n' undefined
(Font)              using `OT1/times/bx/n' instead on input line 5782.


LaTeX Font Warning: Font shape `OT1/times/b/n' undefined
(Font)              using `OT1/times/bx/n' instead on input line 5784.


LaTeX Font Warning: Font shape `OT1/times/b/n' undefined
(Font)              using `OT1/times/bx/n' instead on input line 5788.


LaTeX Font Warning: Font shape `OT1/times/b/n' undefined
(Font)              using `OT1/times/bx/n' instead on input line 5792.


LaTeX Font Warning: Font shape `OT1/times/b/n' undefined
(Font)              using `OT1/times/bx/n' instead on input line 5797.


LaTeX Font Warning: Font shape `OT1/times/b/n' undefined
(Font)              using `OT1/times/bx/n' instead on input line 5799.


LaTeX Font Warning: Font shape `OT1/times/b/n' undefined
(Font)              using `OT1/times/bx/n' instead on input line 5801.


LaTeX Font Warning: Font shape `OT1/times/b/n' undefined
(Font)              using `OT1/times/bx/n' instead on input line 5803.


LaTeX Font Warning: Font shape `OT1/times/b/n' undefined
(Font)              using `OT1/times/bx/n' instead on input line 5809.


LaTeX Font Warning: Font shape `OT1/times/b/n' undefined
(Font)              using `OT1/times/bx/n' instead on input line 5813.



[243]

LaTeX Font Warning: Font shape `OT1/times/b/n' undefined
(Font)              using `OT1/times/bx/n' instead on input line 5815.


LaTeX Font Warning: Font shape `OT1/times/b/n' undefined
(Font)              using `OT1/times/bx/n' instead on input line 5821.


LaTeX Font Warning: Font shape `OT1/times/b/n' undefined
(Font)              using `OT1/times/bx/n' instead on input line 5835.


LaTeX Font Warning: Font shape `OT1/times/b/n' undefined
(Font)              using `OT1/times/bx/n' instead on input line 5839.


LaTeX Font Warning: Font shape `OT1/times/b/n' undefined
(Font)              using `OT1/times/bx/n' instead on input line 5840.


LaTeX Font Warning: Font shape `OT1/times/b/n' undefined
(Font)              using `OT1/times/bx/n' instead on input line 5842.



[244]

LaTeX Font Warning: Font shape `OT1/times/b/n' undefined
(Font)              using `OT1/times/bx/n' instead on input line 5844.


LaTeX Font Warning: Font shape `OT1/times/b/n' undefined
(Font)              using `OT1/times/bx/n' instead on input line 5846.


LaTeX Font Warning: Font shape `OT1/times/b/n' undefined
(Font)              using `OT1/times/bx/n' instead on input line 5848.


LaTeX Font Warning: Font shape `OT1/times/b/n' undefined
(Font)              using `OT1/times/bx/n' instead on input line 5862.



[245]

LaTeX Font Warning: Font shape `OT1/times/b/n' undefined
(Font)              using `OT1/times/bx/n' instead on input line 5874.


LaTeX Font Warning: Font shape `OT1/times/b/n' undefined
(Font)              using `OT1/times/bx/n' instead on input line 5888.


LaTeX Font Warning: Font shape `OT1/times/b/n' undefined
(Font)              using `OT1/times/bx/n' instead on input line 5890.


LaTeX Font Warning: Font shape `OT1/times/b/n' undefined
(Font)              using `OT1/times/bx/n' instead on input line 5892.


LaTeX Font Warning: Font shape `OT1/times/b/n' undefined
(Font)              using `OT1/times/bx/n' instead on input line 5895.


LaTeX Font Warning: Font shape `OT1/times/b/n' undefined
(Font)              using `OT1/times/bx/n' instead on input line 5897.


LaTeX Font Warning: Font shape `OT1/times/b/n' undefined
(Font)              using `OT1/times/bx/n' instead on input line 5899.



[246]

LaTeX Font Warning: Font shape `OT1/times/b/n' undefined
(Font)              using `OT1/times/bx/n' instead on input line 5901.


Overfull \hbox (0.87471pt too wide) in paragraph at lines 5905--5906
[]\OT1/times/m/n/12 J.C. Swingle, Ed., \OT1/times/m/it/12 High av-er-age power 
in-duc-tion ac-cel-er-a-tors\OT1/times/m/n/12 , re-port UCID--
 []


LaTeX Font Warning: Font shape `OT1/times/b/n' undefined
(Font)              using `OT1/times/bx/n' instead on input line 5907.


LaTeX Font Warning: Font shape `OT1/times/b/n' undefined
(Font)              using `OT1/times/bx/n' instead on input line 5913.


LaTeX Font Warning: Font shape `OT1/times/b/n' undefined
(Font)              using `OT1/times/bx/n' instead on input line 5915.


LaTeX Font Warning: Font shape `OT1/times/b/n' undefined
(Font)              using `OT1/times/bx/n' instead on input line 5917.


LaTeX Font Warning: Font shape `OT1/times/b/n' undefined
(Font)              using `OT1/times/bx/n' instead on input line 5923.


LaTeX Font Warning: Font shape `OT1/times/b/n' undefined
(Font)              using `OT1/times/bx/n' instead on input line 5925.


LaTeX Font Warning: Font shape `OT1/times/b/n' undefined
(Font)              using `OT1/times/bx/n' instead on input line 5927.


LaTeX Font Warning: Font shape `OT1/times/b/n' undefined
(Font)              using `OT1/times/bx/n' instead on input line 5929.



[247]

LaTeX Font Warning: Font shape `OT1/times/b/n' undefined
(Font)              using `OT1/times/bx/n' instead on input line 5937.


LaTeX Font Warning: Font shape `OT1/times/b/n' undefined
(Font)              using `OT1/times/bx/n' instead on input line 5939.


LaTeX Font Warning: Font shape `OT1/times/b/n' undefined
(Font)              using `OT1/times/bx/n' instead on input line 5941.


LaTeX Font Warning: Font shape `OT1/times/b/n' undefined
(Font)              using `OT1/times/bx/n' instead on input line 5943.


LaTeX Font Warning: Font shape `OT1/times/b/n' undefined
(Font)              using `OT1/times/bx/n' instead on input line 5947.


LaTeX Font Warning: Font shape `OT1/times/b/n' undefined
(Font)              using `OT1/times/bx/n' instead on input line 5949.



[248]

LaTeX Font Warning: Font shape `OT1/times/b/n' undefined
(Font)              using `OT1/times/bx/n' instead on input line 5963.


LaTeX Font Warning: Font shape `OT1/times/b/n' undefined
(Font)              using `OT1/times/bx/n' instead on input line 5967.


LaTeX Font Warning: Font shape `OT1/times/b/n' undefined
(Font)              using `OT1/times/bx/n' instead on input line 5973.


LaTeX Font Warning: Font shape `OT1/times/b/n' undefined
(Font)              using `OT1/times/bx/n' instead on input line 5975.


LaTeX Font Warning: Font shape `OT1/times/b/n' undefined
(Font)              using `OT1/times/bx/n' instead on input line 5977.



[249]

LaTeX Font Warning: Font shape `OT1/times/b/n' undefined
(Font)              using `OT1/times/bx/n' instead on input line 5979.


LaTeX Font Warning: Font shape `OT1/times/b/n' undefined
(Font)              using `OT1/times/bx/n' instead on input line 5983.


LaTeX Font Warning: Font shape `OT1/times/b/n' undefined
(Font)              using `OT1/times/bx/n' instead on input line 5987.


LaTeX Font Warning: Font shape `OT1/times/b/n' undefined
(Font)              using `OT1/times/bx/n' instead on input line 5989.


LaTeX Font Warning: Font shape `OT1/times/b/n' undefined
(Font)              using `OT1/times/bx/n' instead on input line 5991.


LaTeX Font Warning: Font shape `OT1/times/b/n' undefined
(Font)              using `OT1/times/bx/n' instead on input line 5993.


LaTeX Font Warning: Font shape `OT1/times/b/n' undefined
(Font)              using `OT1/times/bx/n' instead on input line 5995.


LaTeX Font Warning: Font shape `OT1/times/b/n' undefined
(Font)              using `OT1/times/bx/n' instead on input line 5997.


LaTeX Font Warning: Font shape `OT1/times/b/n' undefined
(Font)              using `OT1/times/bx/n' instead on input line 5999.


LaTeX Font Warning: Font shape `OT1/times/b/n' undefined
(Font)              using `OT1/times/bx/n' instead on input line 6001.


LaTeX Font Warning: Font shape `OT1/times/b/n' undefined
(Font)              using `OT1/times/bx/n' instead on input line 6003.



[250]

LaTeX Font Warning: Font shape `OT1/times/b/n' undefined
(Font)              using `OT1/times/bx/n' instead on input line 6007.


LaTeX Font Warning: Font shape `OT1/times/b/n' undefined
(Font)              using `OT1/times/bx/n' instead on input line 6009.


LaTeX Font Warning: Font shape `OT1/times/b/n' undefined
(Font)              using `OT1/times/bx/n' instead on input line 6011.


LaTeX Font Warning: Font shape `OT1/times/b/n' undefined
(Font)              using `OT1/times/bx/n' instead on input line 6017.


LaTeX Font Warning: Font shape `OT1/times/b/n' undefined
(Font)              using `OT1/times/bx/n' instead on input line 6019.


LaTeX Font Warning: Font shape `OT1/times/b/n' undefined
(Font)              using `OT1/times/bx/n' instead on input line 6021.


LaTeX Font Warning: Font shape `OT1/times/b/n' undefined
(Font)              using `OT1/times/bx/n' instead on input line 6023.


LaTeX Font Warning: Font shape `OT1/times/b/n' undefined
(Font)              using `OT1/times/bx/n' instead on input line 6028.


LaTeX Font Warning: Font shape `OT1/times/b/n' undefined
(Font)              using `OT1/times/bx/n' instead on input line 6030.


LaTeX Font Warning: Font shape `OT1/times/b/n' undefined
(Font)              using `OT1/times/bx/n' instead on input line 6032.


LaTeX Font Warning: Font shape `OT1/times/b/n' undefined
(Font)              using `OT1/times/bx/n' instead on input line 6034.


LaTeX Font Warning: Font shape `OT1/times/b/n' undefined
(Font)              using `OT1/times/bx/n' instead on input line 6036.



[251]

LaTeX Font Warning: Font shape `OT1/times/b/n' undefined
(Font)              using `OT1/times/bx/n' instead on input line 6038.


LaTeX Font Warning: Font shape `OT1/times/b/n' undefined
(Font)              using `OT1/times/bx/n' instead on input line 6040.


LaTeX Font Warning: Font shape `OT1/times/b/n' undefined
(Font)              using `OT1/times/bx/n' instead on input line 6042.


LaTeX Font Warning: Font shape `OT1/times/b/n' undefined
(Font)              using `OT1/times/bx/n' instead on input line 6044.


LaTeX Font Warning: Font shape `OT1/times/b/n' undefined
(Font)              using `OT1/times/bx/n' instead on input line 6050.


LaTeX Font Warning: Font shape `OT1/times/b/n' undefined
(Font)              using `OT1/times/bx/n' instead on input line 6052.


LaTeX Font Warning: Font shape `OT1/times/b/n' undefined
(Font)              using `OT1/times/bx/n' instead on input line 6054.


LaTeX Font Warning: Font shape `OT1/times/b/n' undefined
(Font)              using `OT1/times/bx/n' instead on input line 6056.


LaTeX Font Warning: Font shape `OT1/times/b/n' undefined
(Font)              using `OT1/times/bx/n' instead on input line 6058.



[252]

LaTeX Font Warning: Font shape `OT1/times/b/n' undefined
(Font)              using `OT1/times/bx/n' instead on input line 6060.


LaTeX Font Warning: Font shape `OT1/times/b/n' undefined
(Font)              using `OT1/times/bx/n' instead on input line 6062.


LaTeX Font Warning: Font shape `OT1/times/b/n' undefined
(Font)              using `OT1/times/bx/n' instead on input line 6070.


LaTeX Font Warning: Font shape `OT1/times/b/n' undefined
(Font)              using `OT1/times/bx/n' instead on input line 6073.


LaTeX Font Warning: Font shape `OT1/times/b/n' undefined
(Font)              using `OT1/times/bx/n' instead on input line 6077.


LaTeX Font Warning: Font shape `OT1/times/b/n' undefined
(Font)              using `OT1/times/bx/n' instead on input line 6086.


LaTeX Font Warning: Font shape `OT1/times/b/n' undefined
(Font)              using `OT1/times/bx/n' instead on input line 6088.


LaTeX Font Warning: Font shape `OT1/times/b/n' undefined
(Font)              using `OT1/times/bx/n' instead on input line 6090.


LaTeX Font Warning: Font shape `OT1/times/b/n' undefined
(Font)              using `OT1/times/bx/n' instead on input line 6092.


LaTeX Font Warning: Font shape `OT1/times/b/n' undefined
(Font)              using `OT1/times/bx/n' instead on input line 6097.



[253]

LaTeX Font Warning: Font shape `OT1/times/b/n' undefined
(Font)              using `OT1/times/bx/n' instead on input line 6107.


LaTeX Font Warning: Font shape `OT1/times/b/n' undefined
(Font)              using `OT1/times/bx/n' instead on input line 6109.


LaTeX Font Warning: Font shape `OT1/times/b/n' undefined
(Font)              using `OT1/times/bx/n' instead on input line 6111.


LaTeX Font Warning: Font shape `OT1/times/b/n' undefined
(Font)              using `OT1/times/bx/n' instead on input line 6113.



[254] (./PlasmB.aux)
 ***********
LaTeX2e <2024-11-01> patch level 2
L3 programming layer <2025-01-18>
 ***********


LaTeX Font Warning: Some font shapes were not available, defaults substituted.

 ) 
Here is how much of TeX's memory you used:
 3549 strings out of 474662
 48084 string characters out of 5751109
 451263 words of memory out of 5000000
 26549 multiletter control sequences out of 15000+600000
 598698 words of font info for 115 fonts, out of 8000000 for 9000
 319 hyphenation exceptions out of 8191
 56i,14n,65p,2194b,327s stack positions out of 10000i,1000n,20000p,200000b,200000s
 </Users/zhangjiabao/Library/texlive/2025basic/texmf-var/fonts/pk/ljfour/jkna
ppen/ec/tcrm1200.600pk></usr/local/texlive/2025basic/texmf-dist/fonts/type1/pub
lic/amsfonts/cm/cmex10.pfb></usr/local/texlive/2025basic/texmf-dist/fonts/type1
/public/amsfonts/cm/cmmi10.pfb></usr/local/texlive/2025basic/texmf-dist/fonts/t
ype1/public/amsfonts/cm/cmmi12.pfb></usr/local/texlive/2025basic/texmf-dist/fon
ts/type1/public/amsfonts/cm/cmmi6.pfb></usr/local/texlive/2025basic/texmf-dist/
fonts/type1/public/amsfonts/cm/cmmi7.pfb></usr/local/texlive/2025basic/texmf-di
st/fonts/type1/public/amsfonts/cm/cmmi8.pfb></usr/local/texlive/2025basic/texmf
-dist/fonts/type1/public/amsfonts/cm/cmr10.pfb></usr/local/texlive/2025basic/te
xmf-dist/fonts/type1/public/amsfonts/cm/cmr12.pfb></usr/local/texlive/2025basic
/texmf-dist/fonts/type1/public/amsfonts/cm/cmr5.pfb></usr/local/texlive/2025bas
ic/texmf-dist/fonts/type1/public/amsfonts/cm/cmr6.pfb></usr/local/texlive/2025b
asic/texmf-dist/fonts/type1/public/amsfonts/cm/cmr7.pfb></usr/local/texlive/202
5basic/texmf-dist/fonts/type1/public/amsfonts/cm/cmr8.pfb></usr/local/texlive/2
025basic/texmf-dist/fonts/type1/public/amsfonts/cm/cmsy10.pfb></usr/local/texli
ve/2025basic/texmf-dist/fonts/type1/public/amsfonts/cm/cmsy6.pfb></usr/local/te
xlive/2025basic/texmf-dist/fonts/type1/public/amsfonts/cm/cmsy7.pfb></usr/local
/texlive/2025basic/texmf-dist/fonts/type1/public/amsfonts/cm/cmsy8.pfb></usr/lo
cal/texlive/2025basic/texmf-dist/fonts/type1/public/amsfonts/symbols/msam10.pfb
></usr/local/texlive/2025basic/texmf-dist/fonts/type1/urw/times/utmb8a.pfb></us
r/local/texlive/2025basic/texmf-dist/fonts/type1/urw/times/utmbi8a.pfb></usr/lo
cal/texlive/2025basic/texmf-dist/fonts/type1/urw/times/utmr8a.pfb></usr/local/t
exlive/2025basic/texmf-dist/fonts/type1/urw/times/utmri8a.pfb>
Output written on PlasmB.pdf (257 pages, 1081589 bytes).
PDF statistics:
 968 PDF objects out of 1000 (max. 8388607)
 644 compressed objects within 7 object streams
 0 named destinations out of 1000 (max. 500000)
 36 words of extra memory for PDF output out of 10000 (max. 10000000)

